<html>
<head>
<title>TestNG:  ChromeTestTwo</title>
<link href="../testng.css" rel="stylesheet" type="text/css" />
<link href="../my-testng.css" rel="stylesheet" type="text/css" />

<style type="text/css">
.log { display: none;} 
.stack-trace { display: none;} 
</style>
<script type="text/javascript">
<!--
function flip(e) {
  current = e.style.display;
  if (current == 'block') {
    e.style.display = 'none';
    return 0;
  }
  else {
    e.style.display = 'block';
    return 1;
  }
}

function toggleBox(szDivId, elem, msg1, msg2)
{
  var res = -1;  if (document.getElementById) {
    res = flip(document.getElementById(szDivId));
  }
  else if (document.all) {
    // this is the way old msie versions work
    res = flip(document.all[szDivId]);
  }
  if(elem) {
    if(res == 0) elem.innerHTML = msg1; else elem.innerHTML = msg2;
  }

}

function toggleAllBoxes() {
  if (document.getElementsByTagName) {
    d = document.getElementsByTagName('div');
    for (i = 0; i < d.length; i++) {
      if (d[i].className == 'log') {
        flip(d[i]);
      }
    }
  }
}

// -->
</script>

</head>
<body>
<h2 align='center'>ChromeTestTwo</h2><table border='1' align="center">
<tr>
<td>Tests passed/Failed/Skipped:</td><td>0/1/9</td>
</tr><tr>
<td>Started on:</td><td>Thu Dec 14 12:42:33 CST 2017</td>
</tr>
<tr><td>Total time:</td><td>14 seconds (14638 ms)</td>
</tr><tr>
<td>Included groups:</td><td></td>
</tr><tr>
<td>Excluded groups:</td><td></td>
</tr>
</table><p/>
<small><i>(Hover the method name to see the test class name)</i></small><p/>
<table width='100%' border='1' class='invocation-failed'>
<tr><td colspan='4' align='center'><b>FAILED CONFIGURATIONS</b></td></tr>
<tr><td><b>Test method</b></td>
<td width="30%"><b>Exception</b></td>
<td width="10%"><b>Time (seconds)</b></td>
<td><b>Instance</b></td>
</tr>
<tr>
<td title='com.agnesdora.qa.testcases.PlaceOrderTest.tearDown()'><b>tearDown</b><br>Test class: com.agnesdora.qa.testcases.PlaceOrderTest</td>
<td><div><pre>org.openqa.selenium.WebDriverException: org.apache.http.conn.HttpHostConnectException: Connect to localhost:29829 [localhost/127.0.0.1, localhost/0:0:0:0:0:0:0:1] failed: Connection refused: connect
Build info: version: &apos;3.7.1&apos;, revision: &apos;8a0099a&apos;, time: &apos;2017-11-06T21:01:39.354Z&apos;
System info: host: &apos;OMVEDA-PC&apos;, ip: &apos;192.168.1.108&apos;, os.name: &apos;Windows 7&apos;, os.arch: &apos;x86&apos;, os.version: &apos;6.1&apos;, java.version: &apos;1.8.0_152&apos;
Driver info: driver.version: RemoteWebDriver
	at org.openqa.selenium.remote.service.DriverCommandExecutor.execute(DriverCommandExecutor.java:92)
	at org.openqa.selenium.remote.RemoteWebDriver.execute(RemoteWebDriver.java:600)
	at org.openqa.selenium.remote.RemoteWebDriver.execute(RemoteWebDriver.java:657)
	at org.openqa.selenium.remote.RemoteWebDriver.quit(RemoteWebDriver.java:496)
	at com.agnesdora.qa.base.TestBase.terminateBrowser(TestBase.java:75)
	at com.agnesdora.qa.testcases.PlaceOrderTest.tearDown(PlaceOrderTest.java:95)
	at java.util.concurrent.FutureTask.run(Unknown Source)
	at java.util.concurrent.ThreadPoolExecutor.runWorker(Unknown Source)
	at java.util.concurrent.ThreadPoolExecutor$Worker.run(Unknown Source)
	at java.lang.Thread.run(Unknown Source)
Caused by: org.apache.http.conn.HttpHostConnectException: Connect to localhost:29829 [localhost/127.0.0.1, localhost/0:0:0:0:0:0:0:1] failed: Connection refused: connect
	at org.apache.http.impl.conn.DefaultHttpClientConnectionOperator.connect(DefaultHttpClientConnectionOperator.java:159)
	at org.apache.http.impl.conn.PoolingHttpClientConnectionManager.connect(PoolingHttpClientConnectionManager.java:359)
	at org.apache.http.impl.execchain.MainClientExec.establishRoute(MainClientExec.java:381)
	at org.apache.http.impl.execchain.MainClientExec.execute(MainClientExec.java:237)
	at org.apache.http.impl.execchain.ProtocolExec.execute(ProtocolExec.java:185)
	at org.apache.http.impl.execchain.RetryExec.execute(RetryExec.java:89)
	at org.apache.http.impl.execchain.RedirectExec.execute(RedirectExec.java:111)
	at org.apache.http.impl.client.InternalHttpClient.doExecute(InternalHttpClient.java:185)
	at org.apache.http.impl.client.CloseableHttpClient.execute(CloseableHttpClient.java:72)
	at org.apache.http.impl.client.CloseableHttpClient.execute(CloseableHttpClient.java:56)
	at org.openqa.selenium.remote.internal.ApacheHttpClient.fallBackExecute(ApacheHttpClient.java:138)
	at org.openqa.selenium.remote.internal.ApacheHttpClient.execute(ApacheHttpClient.java:86)
	at org.openqa.selenium.remote.HttpCommandExecutor.execute(HttpCommandExecutor.java:161)
	at org.openqa.selenium.remote.service.DriverCommandExecutor.execute(DriverCommandExecutor.java:83)
	... 27 more
Caused by: java.net.ConnectException: Connection refused: connect
	at java.net.DualStackPlainSocketImpl.waitForConnect(Native Method)
	at java.net.DualStackPlainSocketImpl.socketConnect(Unknown Source)
	at java.net.AbstractPlainSocketImpl.doConnect(Unknown Source)
	at java.net.AbstractPlainSocketImpl.connectToAddress(Unknown Source)
	at java.net.AbstractPlainSocketImpl.connect(Unknown Source)
	at java.net.PlainSocketImpl.connect(Unknown Source)
	at java.net.SocksSocketImpl.connect(Unknown Source)
	at java.net.Socket.connect(Unknown Source)
	at org.apache.http.conn.socket.PlainConnectionSocketFactory.connectSocket(PlainConnectionSocketFactory.java:75)
	at org.apache.http.impl.conn.DefaultHttpClientConnectionOperator.connect(DefaultHttpClientConnectionOperator.java:142)
	... 40 more
... Removed 18 stack frames</pre></div><a href='#' onClick='toggleBox("stack-trace18670974", this, "Click to show all stack frames", "Click to hide stack frames")'>Click to show all stack frames</a>
<div class='stack-trace' id='stack-trace18670974'><pre>org.openqa.selenium.WebDriverException: org.apache.http.conn.HttpHostConnectException: Connect to localhost:29829 [localhost/127.0.0.1, localhost/0:0:0:0:0:0:0:1] failed: Connection refused: connect
Build info: version: &apos;3.7.1&apos;, revision: &apos;8a0099a&apos;, time: &apos;2017-11-06T21:01:39.354Z&apos;
System info: host: &apos;OMVEDA-PC&apos;, ip: &apos;192.168.1.108&apos;, os.name: &apos;Windows 7&apos;, os.arch: &apos;x86&apos;, os.version: &apos;6.1&apos;, java.version: &apos;1.8.0_152&apos;
Driver info: driver.version: RemoteWebDriver
	at org.openqa.selenium.remote.service.DriverCommandExecutor.execute(DriverCommandExecutor.java:92)
	at org.openqa.selenium.remote.RemoteWebDriver.execute(RemoteWebDriver.java:600)
	at org.openqa.selenium.remote.RemoteWebDriver.execute(RemoteWebDriver.java:657)
	at org.openqa.selenium.remote.RemoteWebDriver.quit(RemoteWebDriver.java:496)
	at com.agnesdora.qa.base.TestBase.terminateBrowser(TestBase.java:75)
	at com.agnesdora.qa.testcases.PlaceOrderTest.tearDown(PlaceOrderTest.java:95)
	at sun.reflect.NativeMethodAccessorImpl.invoke0(Native Method)
	at sun.reflect.NativeMethodAccessorImpl.invoke(Unknown Source)
	at sun.reflect.DelegatingMethodAccessorImpl.invoke(Unknown Source)
	at java.lang.reflect.Method.invoke(Unknown Source)
	at org.testng.internal.MethodInvocationHelper.invokeMethod(MethodInvocationHelper.java:80)
	at org.testng.internal.Invoker.invokeConfigurationMethod(Invoker.java:564)
	at org.testng.internal.Invoker.invokeConfigurations(Invoker.java:213)
	at org.testng.internal.Invoker.invokeMethod(Invoker.java:786)
	at org.testng.internal.Invoker.invokeTestMethod(Invoker.java:901)
	at org.testng.internal.Invoker.invokeTestMethods(Invoker.java:1231)
	at org.testng.internal.TestMethodWorker.invokeTestMethods(TestMethodWorker.java:127)
	at org.testng.internal.TestMethodWorker.run(TestMethodWorker.java:111)
	at org.testng.TestRunner.privateRun(TestRunner.java:767)
	at org.testng.TestRunner.run(TestRunner.java:617)
	at org.testng.SuiteRunner.runTest(SuiteRunner.java:334)
	at org.testng.SuiteRunner.access$000(SuiteRunner.java:37)
	at org.testng.SuiteRunner$SuiteWorker.run(SuiteRunner.java:368)
	at org.testng.internal.thread.ThreadUtil$2.call(ThreadUtil.java:64)
	at java.util.concurrent.FutureTask.run(Unknown Source)
	at java.util.concurrent.ThreadPoolExecutor.runWorker(Unknown Source)
	at java.util.concurrent.ThreadPoolExecutor$Worker.run(Unknown Source)
	at java.lang.Thread.run(Unknown Source)
Caused by: org.apache.http.conn.HttpHostConnectException: Connect to localhost:29829 [localhost/127.0.0.1, localhost/0:0:0:0:0:0:0:1] failed: Connection refused: connect
	at org.apache.http.impl.conn.DefaultHttpClientConnectionOperator.connect(DefaultHttpClientConnectionOperator.java:159)
	at org.apache.http.impl.conn.PoolingHttpClientConnectionManager.connect(PoolingHttpClientConnectionManager.java:359)
	at org.apache.http.impl.execchain.MainClientExec.establishRoute(MainClientExec.java:381)
	at org.apache.http.impl.execchain.MainClientExec.execute(MainClientExec.java:237)
	at org.apache.http.impl.execchain.ProtocolExec.execute(ProtocolExec.java:185)
	at org.apache.http.impl.execchain.RetryExec.execute(RetryExec.java:89)
	at org.apache.http.impl.execchain.RedirectExec.execute(RedirectExec.java:111)
	at org.apache.http.impl.client.InternalHttpClient.doExecute(InternalHttpClient.java:185)
	at org.apache.http.impl.client.CloseableHttpClient.execute(CloseableHttpClient.java:72)
	at org.apache.http.impl.client.CloseableHttpClient.execute(CloseableHttpClient.java:56)
	at org.openqa.selenium.remote.internal.ApacheHttpClient.fallBackExecute(ApacheHttpClient.java:138)
	at org.openqa.selenium.remote.internal.ApacheHttpClient.execute(ApacheHttpClient.java:86)
	at org.openqa.selenium.remote.HttpCommandExecutor.execute(HttpCommandExecutor.java:161)
	at org.openqa.selenium.remote.service.DriverCommandExecutor.execute(DriverCommandExecutor.java:83)
	... 27 more
Caused by: java.net.ConnectException: Connection refused: connect
	at java.net.DualStackPlainSocketImpl.waitForConnect(Native Method)
	at java.net.DualStackPlainSocketImpl.socketConnect(Unknown Source)
	at java.net.AbstractPlainSocketImpl.doConnect(Unknown Source)
	at java.net.AbstractPlainSocketImpl.connectToAddress(Unknown Source)
	at java.net.AbstractPlainSocketImpl.connect(Unknown Source)
	at java.net.PlainSocketImpl.connect(Unknown Source)
	at java.net.SocksSocketImpl.connect(Unknown Source)
	at java.net.Socket.connect(Unknown Source)
	at org.apache.http.conn.socket.PlainConnectionSocketFactory.connectSocket(PlainConnectionSocketFactory.java:75)
	at org.apache.http.impl.conn.DefaultHttpClientConnectionOperator.connect(DefaultHttpClientConnectionOperator.java:142)
	... 40 more
</pre></div></td>
<td>0</td>
<td>com.agnesdora.qa.testcases.PlaceOrderTest@43cd28</td></tr>
</table><p>
<table width='100%' border='1' class='invocation-skipped'>
<tr><td colspan='4' align='center'><b>SKIPPED CONFIGURATIONS</b></td></tr>
<tr><td><b>Test method</b></td>
<td width="30%"><b>Exception</b></td>
<td width="10%"><b>Time (seconds)</b></td>
<td><b>Instance</b></td>
</tr>
<tr>
<td title='com.agnesdora.qa.testcases.PlaceOrderTest.setUp()'><b>setUp</b><br>Test class: com.agnesdora.qa.testcases.PlaceOrderTest</td>
<td></td>
<td>0</td>
<td>com.agnesdora.qa.testcases.PlaceOrderTest@43cd28</td></tr>
<tr>
<td title='com.agnesdora.qa.testcases.PlaceOrderTest.setUp()'><b>setUp</b><br>Test class: com.agnesdora.qa.testcases.PlaceOrderTest</td>
<td></td>
<td>0</td>
<td>com.agnesdora.qa.testcases.PlaceOrderTest@43cd28</td></tr>
<tr>
<td title='com.agnesdora.qa.testcases.PlaceOrderTest.setUp()'><b>setUp</b><br>Test class: com.agnesdora.qa.testcases.PlaceOrderTest</td>
<td></td>
<td>0</td>
<td>com.agnesdora.qa.testcases.PlaceOrderTest@43cd28</td></tr>
<tr>
<td title='com.agnesdora.qa.testcases.PlaceOrderTest.setUp()'><b>setUp</b><br>Test class: com.agnesdora.qa.testcases.PlaceOrderTest</td>
<td></td>
<td>0</td>
<td>com.agnesdora.qa.testcases.PlaceOrderTest@43cd28</td></tr>
<tr>
<td title='com.agnesdora.qa.testcases.PlaceOrderTest.setUp()'><b>setUp</b><br>Test class: com.agnesdora.qa.testcases.PlaceOrderTest</td>
<td></td>
<td>0</td>
<td>com.agnesdora.qa.testcases.PlaceOrderTest@43cd28</td></tr>
<tr>
<td title='com.agnesdora.qa.testcases.PlaceOrderTest.setUp()'><b>setUp</b><br>Test class: com.agnesdora.qa.testcases.PlaceOrderTest</td>
<td></td>
<td>0</td>
<td>com.agnesdora.qa.testcases.PlaceOrderTest@43cd28</td></tr>
<tr>
<td title='com.agnesdora.qa.testcases.PlaceOrderTest.setUp()'><b>setUp</b><br>Test class: com.agnesdora.qa.testcases.PlaceOrderTest</td>
<td></td>
<td>0</td>
<td>com.agnesdora.qa.testcases.PlaceOrderTest@43cd28</td></tr>
<tr>
<td title='com.agnesdora.qa.testcases.PlaceOrderTest.setUp()'><b>setUp</b><br>Test class: com.agnesdora.qa.testcases.PlaceOrderTest</td>
<td></td>
<td>0</td>
<td>com.agnesdora.qa.testcases.PlaceOrderTest@43cd28</td></tr>
<tr>
<td title='com.agnesdora.qa.testcases.PlaceOrderTest.setUp()'><b>setUp</b><br>Test class: com.agnesdora.qa.testcases.PlaceOrderTest</td>
<td></td>
<td>0</td>
<td>com.agnesdora.qa.testcases.PlaceOrderTest@43cd28</td></tr>
<tr>
<td title='com.agnesdora.qa.testcases.PlaceOrderTest.tearDown()'><b>tearDown</b><br>Test class: com.agnesdora.qa.testcases.PlaceOrderTest</td>
<td></td>
<td>0</td>
<td>com.agnesdora.qa.testcases.PlaceOrderTest@43cd28</td></tr>
<tr>
<td title='com.agnesdora.qa.testcases.PlaceOrderTest.tearDown()'><b>tearDown</b><br>Test class: com.agnesdora.qa.testcases.PlaceOrderTest</td>
<td></td>
<td>0</td>
<td>com.agnesdora.qa.testcases.PlaceOrderTest@43cd28</td></tr>
<tr>
<td title='com.agnesdora.qa.testcases.PlaceOrderTest.tearDown()'><b>tearDown</b><br>Test class: com.agnesdora.qa.testcases.PlaceOrderTest</td>
<td></td>
<td>0</td>
<td>com.agnesdora.qa.testcases.PlaceOrderTest@43cd28</td></tr>
<tr>
<td title='com.agnesdora.qa.testcases.PlaceOrderTest.tearDown()'><b>tearDown</b><br>Test class: com.agnesdora.qa.testcases.PlaceOrderTest</td>
<td></td>
<td>0</td>
<td>com.agnesdora.qa.testcases.PlaceOrderTest@43cd28</td></tr>
<tr>
<td title='com.agnesdora.qa.testcases.PlaceOrderTest.tearDown()'><b>tearDown</b><br>Test class: com.agnesdora.qa.testcases.PlaceOrderTest</td>
<td></td>
<td>0</td>
<td>com.agnesdora.qa.testcases.PlaceOrderTest@43cd28</td></tr>
<tr>
<td title='com.agnesdora.qa.testcases.PlaceOrderTest.tearDown()'><b>tearDown</b><br>Test class: com.agnesdora.qa.testcases.PlaceOrderTest</td>
<td></td>
<td>0</td>
<td>com.agnesdora.qa.testcases.PlaceOrderTest@43cd28</td></tr>
<tr>
<td title='com.agnesdora.qa.testcases.PlaceOrderTest.tearDown()'><b>tearDown</b><br>Test class: com.agnesdora.qa.testcases.PlaceOrderTest</td>
<td></td>
<td>0</td>
<td>com.agnesdora.qa.testcases.PlaceOrderTest@43cd28</td></tr>
<tr>
<td title='com.agnesdora.qa.testcases.PlaceOrderTest.tearDown()'><b>tearDown</b><br>Test class: com.agnesdora.qa.testcases.PlaceOrderTest</td>
<td></td>
<td>0</td>
<td>com.agnesdora.qa.testcases.PlaceOrderTest@43cd28</td></tr>
<tr>
<td title='com.agnesdora.qa.testcases.PlaceOrderTest.tearDown()'><b>tearDown</b><br>Test class: com.agnesdora.qa.testcases.PlaceOrderTest</td>
<td></td>
<td>0</td>
<td>com.agnesdora.qa.testcases.PlaceOrderTest@43cd28</td></tr>
<tr>
<td title='com.agnesdora.qa.testcases.PlaceOrderTest.afterTest()'><b>afterTest</b><br>Test class: com.agnesdora.qa.testcases.PlaceOrderTest</td>
<td></td>
<td>0</td>
<td>null</td></tr>
</table><p>
<table width='100%' border='1' class='invocation-failed'>
<tr><td colspan='4' align='center'><b>FAILED TESTS</b></td></tr>
<tr><td><b>Test method</b></td>
<td width="30%"><b>Exception</b></td>
<td width="10%"><b>Time (seconds)</b></td>
<td><b>Instance</b></td>
</tr>
<tr>
<td title='com.agnesdora.qa.testcases.PlaceOrderTest.orderProducts()'><b>orderProducts</b><br>Test class: com.agnesdora.qa.testcases.PlaceOrderTest<br>Parameters: Test Case 1</td>
<td><div><pre>org.openqa.selenium.NoSuchSessionException: no such session
  (Driver info: chromedriver=2.33.506120 (e3e53437346286c0bc2d2dc9aa4915ba81d9023f),platform=Windows NT 6.1.7601 SP1 x86) (WARNING: The server did not provide any stacktrace information)
Command duration or timeout: 0 milliseconds
Build info: version: &apos;3.7.1&apos;, revision: &apos;8a0099a&apos;, time: &apos;2017-11-06T21:01:39.354Z&apos;
System info: host: &apos;OMVEDA-PC&apos;, ip: &apos;192.168.1.108&apos;, os.name: &apos;Windows 7&apos;, os.arch: &apos;x86&apos;, os.version: &apos;6.1&apos;, java.version: &apos;1.8.0_152&apos;
Driver info: org.openqa.selenium.chrome.ChromeDriver
Capabilities {acceptSslCerts: true, applicationCacheEnabled: false, browserConnectionEnabled: false, browserName: chrome, chrome: {chromedriverVersion: 2.33.506120 (e3e53437346286..., userDataDir: C:\Users\OmVeda\AppData\Loc...}, cssSelectorsEnabled: true, databaseEnabled: false, handlesAlerts: true, hasTouchScreen: false, javascriptEnabled: true, locationContextEnabled: true, mobileEmulationEnabled: false, nativeEvents: true, networkConnectionEnabled: false, pageLoadStrategy: normal, platform: XP, platformName: XP, rotatable: false, setWindowRect: true, takesHeapSnapshot: true, takesScreenshot: true, unexpectedAlertBehaviour: , unhandledPromptBehavior: , version: 63.0.3239.84, webStorageEnabled: true}
Session ID: 3e1484e67cbb4add7fc4446dfd15bd2c
	at org.openqa.selenium.remote.ErrorHandler.createThrowable(ErrorHandler.java:214)
	at org.openqa.selenium.remote.ErrorHandler.throwIfResponseFailed(ErrorHandler.java:166)
	at org.openqa.selenium.remote.http.JsonHttpResponseCodec.reconstructValue(JsonHttpResponseCodec.java:40)
	at org.openqa.selenium.remote.http.AbstractHttpResponseCodec.decode(AbstractHttpResponseCodec.java:80)
	at org.openqa.selenium.remote.http.AbstractHttpResponseCodec.decode(AbstractHttpResponseCodec.java:44)
	at org.openqa.selenium.remote.HttpCommandExecutor.execute(HttpCommandExecutor.java:164)
	at org.openqa.selenium.remote.service.DriverCommandExecutor.execute(DriverCommandExecutor.java:83)
	at org.openqa.selenium.remote.RemoteWebDriver.execute(RemoteWebDriver.java:600)
	at org.openqa.selenium.remote.RemoteWebElement.execute(RemoteWebElement.java:279)
	at org.openqa.selenium.remote.RemoteWebElement.sendKeys(RemoteWebElement.java:100)
	at com.agnesdora.qa.pages.LoginPage.loginUserToWeb(LoginPage.java:28)
	at com.agnesdora.qa.testcases.PlaceOrderTest.orderProducts(PlaceOrderTest.java:47)
	at java.util.concurrent.FutureTask.run(Unknown Source)
	at java.util.concurrent.ThreadPoolExecutor.runWorker(Unknown Source)
	at java.util.concurrent.ThreadPoolExecutor$Worker.run(Unknown Source)
	at java.lang.Thread.run(Unknown Source)
... Removed 20 stack frames</pre></div><a href='#' onClick='toggleBox("stack-trace19215592", this, "Click to show all stack frames", "Click to hide stack frames")'>Click to show all stack frames</a>
<div class='stack-trace' id='stack-trace19215592'><pre>org.openqa.selenium.NoSuchSessionException: no such session
  (Driver info: chromedriver=2.33.506120 (e3e53437346286c0bc2d2dc9aa4915ba81d9023f),platform=Windows NT 6.1.7601 SP1 x86) (WARNING: The server did not provide any stacktrace information)
Command duration or timeout: 0 milliseconds
Build info: version: &apos;3.7.1&apos;, revision: &apos;8a0099a&apos;, time: &apos;2017-11-06T21:01:39.354Z&apos;
System info: host: &apos;OMVEDA-PC&apos;, ip: &apos;192.168.1.108&apos;, os.name: &apos;Windows 7&apos;, os.arch: &apos;x86&apos;, os.version: &apos;6.1&apos;, java.version: &apos;1.8.0_152&apos;
Driver info: org.openqa.selenium.chrome.ChromeDriver
Capabilities {acceptSslCerts: true, applicationCacheEnabled: false, browserConnectionEnabled: false, browserName: chrome, chrome: {chromedriverVersion: 2.33.506120 (e3e53437346286..., userDataDir: C:\Users\OmVeda\AppData\Loc...}, cssSelectorsEnabled: true, databaseEnabled: false, handlesAlerts: true, hasTouchScreen: false, javascriptEnabled: true, locationContextEnabled: true, mobileEmulationEnabled: false, nativeEvents: true, networkConnectionEnabled: false, pageLoadStrategy: normal, platform: XP, platformName: XP, rotatable: false, setWindowRect: true, takesHeapSnapshot: true, takesScreenshot: true, unexpectedAlertBehaviour: , unhandledPromptBehavior: , version: 63.0.3239.84, webStorageEnabled: true}
Session ID: 3e1484e67cbb4add7fc4446dfd15bd2c
	at sun.reflect.NativeConstructorAccessorImpl.newInstance0(Native Method)
	at sun.reflect.NativeConstructorAccessorImpl.newInstance(Unknown Source)
	at sun.reflect.DelegatingConstructorAccessorImpl.newInstance(Unknown Source)
	at java.lang.reflect.Constructor.newInstance(Unknown Source)
	at org.openqa.selenium.remote.ErrorHandler.createThrowable(ErrorHandler.java:214)
	at org.openqa.selenium.remote.ErrorHandler.throwIfResponseFailed(ErrorHandler.java:166)
	at org.openqa.selenium.remote.http.JsonHttpResponseCodec.reconstructValue(JsonHttpResponseCodec.java:40)
	at org.openqa.selenium.remote.http.AbstractHttpResponseCodec.decode(AbstractHttpResponseCodec.java:80)
	at org.openqa.selenium.remote.http.AbstractHttpResponseCodec.decode(AbstractHttpResponseCodec.java:44)
	at org.openqa.selenium.remote.HttpCommandExecutor.execute(HttpCommandExecutor.java:164)
	at org.openqa.selenium.remote.service.DriverCommandExecutor.execute(DriverCommandExecutor.java:83)
	at org.openqa.selenium.remote.RemoteWebDriver.execute(RemoteWebDriver.java:600)
	at org.openqa.selenium.remote.RemoteWebElement.execute(RemoteWebElement.java:279)
	at org.openqa.selenium.remote.RemoteWebElement.sendKeys(RemoteWebElement.java:100)
	at com.agnesdora.qa.pages.LoginPage.loginUserToWeb(LoginPage.java:28)
	at com.agnesdora.qa.testcases.PlaceOrderTest.orderProducts(PlaceOrderTest.java:47)
	at sun.reflect.NativeMethodAccessorImpl.invoke0(Native Method)
	at sun.reflect.NativeMethodAccessorImpl.invoke(Unknown Source)
	at sun.reflect.DelegatingMethodAccessorImpl.invoke(Unknown Source)
	at java.lang.reflect.Method.invoke(Unknown Source)
	at org.testng.internal.MethodInvocationHelper.invokeMethod(MethodInvocationHelper.java:80)
	at org.testng.internal.Invoker.invokeMethod(Invoker.java:714)
	at org.testng.internal.Invoker.invokeTestMethod(Invoker.java:901)
	at org.testng.internal.Invoker.invokeTestMethods(Invoker.java:1231)
	at org.testng.internal.TestMethodWorker.invokeTestMethods(TestMethodWorker.java:127)
	at org.testng.internal.TestMethodWorker.run(TestMethodWorker.java:111)
	at org.testng.TestRunner.privateRun(TestRunner.java:767)
	at org.testng.TestRunner.run(TestRunner.java:617)
	at org.testng.SuiteRunner.runTest(SuiteRunner.java:334)
	at org.testng.SuiteRunner.access$000(SuiteRunner.java:37)
	at org.testng.SuiteRunner$SuiteWorker.run(SuiteRunner.java:368)
	at org.testng.internal.thread.ThreadUtil$2.call(ThreadUtil.java:64)
	at java.util.concurrent.FutureTask.run(Unknown Source)
	at java.util.concurrent.ThreadPoolExecutor.runWorker(Unknown Source)
	at java.util.concurrent.ThreadPoolExecutor$Worker.run(Unknown Source)
	at java.lang.Thread.run(Unknown Source)
</pre></div></td>
<td>1</td>
<td>com.agnesdora.qa.testcases.PlaceOrderTest@43cd28</td></tr>
</table><p>
<table width='100%' border='1' class='invocation-skipped'>
<tr><td colspan='4' align='center'><b>SKIPPED TESTS</b></td></tr>
<tr><td><b>Test method</b></td>
<td width="30%"><b>Exception</b></td>
<td width="10%"><b>Time (seconds)</b></td>
<td><b>Instance</b></td>
</tr>
<tr>
<td title='com.agnesdora.qa.testcases.PlaceOrderTest.orderProducts()'><b>orderProducts</b><br>Test class: com.agnesdora.qa.testcases.PlaceOrderTest<br>Parameters: Test Case 2</td>
<td></td>
<td>0</td>
<td>com.agnesdora.qa.testcases.PlaceOrderTest@43cd28</td></tr>
<tr>
<td title='com.agnesdora.qa.testcases.PlaceOrderTest.orderProducts()'><b>orderProducts</b><br>Test class: com.agnesdora.qa.testcases.PlaceOrderTest<br>Parameters: Test Case 3</td>
<td></td>
<td>0</td>
<td>com.agnesdora.qa.testcases.PlaceOrderTest@43cd28</td></tr>
<tr>
<td title='com.agnesdora.qa.testcases.PlaceOrderTest.orderProducts()'><b>orderProducts</b><br>Test class: com.agnesdora.qa.testcases.PlaceOrderTest<br>Parameters: Test Case 4</td>
<td></td>
<td>0</td>
<td>com.agnesdora.qa.testcases.PlaceOrderTest@43cd28</td></tr>
<tr>
<td title='com.agnesdora.qa.testcases.PlaceOrderTest.orderProducts()'><b>orderProducts</b><br>Test class: com.agnesdora.qa.testcases.PlaceOrderTest<br>Parameters: Test Case 5</td>
<td></td>
<td>0</td>
<td>com.agnesdora.qa.testcases.PlaceOrderTest@43cd28</td></tr>
<tr>
<td title='com.agnesdora.qa.testcases.PlaceOrderTest.orderProducts()'><b>orderProducts</b><br>Test class: com.agnesdora.qa.testcases.PlaceOrderTest<br>Parameters: Test Case 6</td>
<td></td>
<td>0</td>
<td>com.agnesdora.qa.testcases.PlaceOrderTest@43cd28</td></tr>
<tr>
<td title='com.agnesdora.qa.testcases.PlaceOrderTest.orderProducts()'><b>orderProducts</b><br>Test class: com.agnesdora.qa.testcases.PlaceOrderTest<br>Parameters: Test Case 7</td>
<td></td>
<td>0</td>
<td>com.agnesdora.qa.testcases.PlaceOrderTest@43cd28</td></tr>
<tr>
<td title='com.agnesdora.qa.testcases.PlaceOrderTest.orderProducts()'><b>orderProducts</b><br>Test class: com.agnesdora.qa.testcases.PlaceOrderTest<br>Parameters: Test Case 8</td>
<td></td>
<td>0</td>
<td>com.agnesdora.qa.testcases.PlaceOrderTest@43cd28</td></tr>
<tr>
<td title='com.agnesdora.qa.testcases.PlaceOrderTest.orderProducts()'><b>orderProducts</b><br>Test class: com.agnesdora.qa.testcases.PlaceOrderTest<br>Parameters: Test Case 9</td>
<td></td>
<td>0</td>
<td>com.agnesdora.qa.testcases.PlaceOrderTest@43cd28</td></tr>
<tr>
<td title='com.agnesdora.qa.testcases.PlaceOrderTest.orderProducts()'><b>orderProducts</b><br>Test class: com.agnesdora.qa.testcases.PlaceOrderTest<br>Parameters: Test Case 10</td>
<td></td>
<td>0</td>
<td>com.agnesdora.qa.testcases.PlaceOrderTest@43cd28</td></tr>
</table><p>
</body>
</html>