<?xml version="1.0" encoding="UTF-8"?>
<!-- Generated by org.testng.reporters.JUnitXMLReporter -->
<testsuite hostname="OmVeda-PC" name="ieTest" tests="10" failures="0" timestamp="14 Dec 2017 18:40:23 GMT" time="2.453" errors="0">
  <testcase name="@BeforeMethod setUp" time="0.0" classname="com.agnesdora.qa.testcases.PlaceOrderTest">
    <failure type="org.openqa.selenium.NoSuchWindowException" message="Unable to get browser (WARNING: The server did not provide any stacktrace information)
Command duration or timeout: 0 milliseconds
Build info: version: &amp;apos;3.7.1&amp;apos;, revision: &amp;apos;8a0099a&amp;apos;, time: &amp;apos;2017-11-06T21:01:39.354Z&amp;apos;
System info: host: &amp;apos;OMVEDA-PC&amp;apos;, ip: &amp;apos;192.168.1.108&amp;apos;, os.name: &amp;apos;Windows 7&amp;apos;, os.arch: &amp;apos;x86&amp;apos;, os.version: &amp;apos;6.1&amp;apos;, java.version: &amp;apos;1.8.0_152&amp;apos;
Driver info: org.openqa.selenium.ie.InternetExplorerDriver
Capabilities {browserAttachTimeout: 0, browserName: internet explorer, cssSelectorsEnabled: true, elementScrollBehavior: 0, enableElementCacheCleanup: true, enablePersistentHover: true, handlesAlerts: true, ie.browserCommandLineSwitches: , ie.ensureCleanSession: false, ie.forceCreateProcessApi: false, ie.usePerProcessProxy: false, ignoreProtectedModeSettings: false, ignoreZoomSetting: false, initialBrowserUrl: http://localhost:17364/, javascriptEnabled: true, nativeEvents: true, platform: WINDOWS, platformName: WINDOWS, requireWindowFocus: false, takesScreenshot: true, unexpectedAlertBehaviour: dismiss, unhandledPromptBehavior: dismiss, version: 11}
Session ID: 218a8950-f4cd-439f-83f7-ec71bf74e1a1">
      <![CDATA[org.openqa.selenium.NoSuchWindowException: Unable to get browser (WARNING: The server did not provide any stacktrace information)
Command duration or timeout: 0 milliseconds
Build info: version: '3.7.1', revision: '8a0099a', time: '2017-11-06T21:01:39.354Z'
System info: host: 'OMVEDA-PC', ip: '192.168.1.108', os.name: 'Windows 7', os.arch: 'x86', os.version: '6.1', java.version: '1.8.0_152'
Driver info: org.openqa.selenium.ie.InternetExplorerDriver
Capabilities {browserAttachTimeout: 0, browserName: internet explorer, cssSelectorsEnabled: true, elementScrollBehavior: 0, enableElementCacheCleanup: true, enablePersistentHover: true, handlesAlerts: true, ie.browserCommandLineSwitches: , ie.ensureCleanSession: false, ie.forceCreateProcessApi: false, ie.usePerProcessProxy: false, ignoreProtectedModeSettings: false, ignoreZoomSetting: false, initialBrowserUrl: http://localhost:17364/, javascriptEnabled: true, nativeEvents: true, platform: WINDOWS, platformName: WINDOWS, requireWindowFocus: false, takesScreenshot: true, unexpectedAlertBehaviour: dismiss, unhandledPromptBehavior: dismiss, version: 11}
Session ID: 218a8950-f4cd-439f-83f7-ec71bf74e1a1
	at org.openqa.selenium.remote.ErrorHandler.createThrowable(ErrorHandler.java:214)
	at org.openqa.selenium.remote.ErrorHandler.throwIfResponseFailed(ErrorHandler.java:166)
	at org.openqa.selenium.remote.http.JsonHttpResponseCodec.reconstructValue(JsonHttpResponseCodec.java:40)
	at org.openqa.selenium.remote.http.AbstractHttpResponseCodec.decode(AbstractHttpResponseCodec.java:80)
	at org.openqa.selenium.remote.http.AbstractHttpResponseCodec.decode(AbstractHttpResponseCodec.java:44)
	at org.openqa.selenium.remote.HttpCommandExecutor.execute(HttpCommandExecutor.java:164)
	at org.openqa.selenium.remote.service.DriverCommandExecutor.execute(DriverCommandExecutor.java:83)
	at org.openqa.selenium.remote.RemoteWebDriver.execute(RemoteWebDriver.java:600)
	at org.openqa.selenium.remote.RemoteWebDriver.execute(RemoteWebDriver.java:657)
	at org.openqa.selenium.remote.RemoteWebDriver$RemoteTargetLocator.alert(RemoteWebDriver.java:986)
	at com.agnesdora.qa.base.TestBase.openBrowser(TestBase.java:68)
	at com.agnesdora.qa.testcases.PlaceOrderTest.setUp(PlaceOrderTest.java:90)
... Removed 30 stack frames]]>
    </failure>
  </testcase> <!-- @BeforeMethod setUp -->
  <testcase name="@AfterMethod tearDown" time="0.0" classname="com.agnesdora.qa.testcases.PlaceOrderTest">
    <skipped/>
  </testcase> <!-- @AfterMethod tearDown -->
  <testcase name="@BeforeMethod setUp" time="0.0" classname="com.agnesdora.qa.testcases.PlaceOrderTest">
    <skipped/>
  </testcase> <!-- @BeforeMethod setUp -->
  <testcase name="@AfterMethod tearDown" time="0.0" classname="com.agnesdora.qa.testcases.PlaceOrderTest">
    <skipped/>
  </testcase> <!-- @AfterMethod tearDown -->
  <testcase name="@BeforeMethod setUp" time="0.0" classname="com.agnesdora.qa.testcases.PlaceOrderTest">
    <skipped/>
  </testcase> <!-- @BeforeMethod setUp -->
  <testcase name="@AfterMethod tearDown" time="0.0" classname="com.agnesdora.qa.testcases.PlaceOrderTest">
    <skipped/>
  </testcase> <!-- @AfterMethod tearDown -->
  <testcase name="@BeforeMethod setUp" time="0.0" classname="com.agnesdora.qa.testcases.PlaceOrderTest">
    <skipped/>
  </testcase> <!-- @BeforeMethod setUp -->
  <testcase name="@AfterMethod tearDown" time="0.0" classname="com.agnesdora.qa.testcases.PlaceOrderTest">
    <skipped/>
  </testcase> <!-- @AfterMethod tearDown -->
  <testcase name="@BeforeMethod setUp" time="0.0" classname="com.agnesdora.qa.testcases.PlaceOrderTest">
    <skipped/>
  </testcase> <!-- @BeforeMethod setUp -->
  <testcase name="@AfterMethod tearDown" time="0.0" classname="com.agnesdora.qa.testcases.PlaceOrderTest">
    <skipped/>
  </testcase> <!-- @AfterMethod tearDown -->
  <testcase name="@BeforeMethod setUp" time="0.0" classname="com.agnesdora.qa.testcases.PlaceOrderTest">
    <skipped/>
  </testcase> <!-- @BeforeMethod setUp -->
  <testcase name="@AfterMethod tearDown" time="0.0" classname="com.agnesdora.qa.testcases.PlaceOrderTest">
    <skipped/>
  </testcase> <!-- @AfterMethod tearDown -->
  <testcase name="@BeforeMethod setUp" time="0.0" classname="com.agnesdora.qa.testcases.PlaceOrderTest">
    <skipped/>
  </testcase> <!-- @BeforeMethod setUp -->
  <testcase name="@AfterMethod tearDown" time="0.0" classname="com.agnesdora.qa.testcases.PlaceOrderTest">
    <skipped/>
  </testcase> <!-- @AfterMethod tearDown -->
  <testcase name="@BeforeMethod setUp" time="0.0" classname="com.agnesdora.qa.testcases.PlaceOrderTest">
    <skipped/>
  </testcase> <!-- @BeforeMethod setUp -->
  <testcase name="@AfterMethod tearDown" time="0.0" classname="com.agnesdora.qa.testcases.PlaceOrderTest">
    <skipped/>
  </testcase> <!-- @AfterMethod tearDown -->
  <testcase name="@BeforeMethod setUp" time="0.0" classname="com.agnesdora.qa.testcases.PlaceOrderTest">
    <skipped/>
  </testcase> <!-- @BeforeMethod setUp -->
  <testcase name="@AfterMethod tearDown" time="0.0" classname="com.agnesdora.qa.testcases.PlaceOrderTest">
    <skipped/>
  </testcase> <!-- @AfterMethod tearDown -->
  <testcase name="@BeforeMethod setUp" time="0.0" classname="com.agnesdora.qa.testcases.PlaceOrderTest">
    <skipped/>
  </testcase> <!-- @BeforeMethod setUp -->
  <testcase name="@AfterMethod tearDown" time="0.0" classname="com.agnesdora.qa.testcases.PlaceOrderTest">
    <skipped/>
  </testcase> <!-- @AfterMethod tearDown -->
  <testcase name="@AfterTest afterTest" time="0.0" classname="com.agnesdora.qa.testcases.PlaceOrderTest">
    <skipped/>
  </testcase> <!-- @AfterTest afterTest -->
  <testcase name="orderProducts" time="0.002" classname="com.agnesdora.qa.testcases.PlaceOrderTest">
    <skipped/>
  </testcase> <!-- orderProducts -->
  <testcase name="orderProducts" time="0.001" classname="com.agnesdora.qa.testcases.PlaceOrderTest">
    <skipped/>
  </testcase> <!-- orderProducts -->
  <testcase name="orderProducts" time="0.007" classname="com.agnesdora.qa.testcases.PlaceOrderTest">
    <skipped/>
  </testcase> <!-- orderProducts -->
  <testcase name="orderProducts" time="0.001" classname="com.agnesdora.qa.testcases.PlaceOrderTest">
    <skipped/>
  </testcase> <!-- orderProducts -->
  <testcase name="orderProducts" time="0.001" classname="com.agnesdora.qa.testcases.PlaceOrderTest">
    <skipped/>
  </testcase> <!-- orderProducts -->
  <testcase name="orderProducts" time="0.001" classname="com.agnesdora.qa.testcases.PlaceOrderTest">
    <skipped/>
  </testcase> <!-- orderProducts -->
  <testcase name="orderProducts" time="0.001" classname="com.agnesdora.qa.testcases.PlaceOrderTest">
    <skipped/>
  </testcase> <!-- orderProducts -->
  <testcase name="orderProducts" time="0.001" classname="com.agnesdora.qa.testcases.PlaceOrderTest">
    <skipped/>
  </testcase> <!-- orderProducts -->
  <testcase name="orderProducts" time="0.001" classname="com.agnesdora.qa.testcases.PlaceOrderTest">
    <skipped/>
  </testcase> <!-- orderProducts -->
  <testcase name="orderProducts" time="0.0" classname="com.agnesdora.qa.testcases.PlaceOrderTest">
    <skipped/>
  </testcase> <!-- orderProducts -->
</testsuite> <!-- ieTest -->
